<?xml version="1.0" encoding="UTF-8"?>
<!-- Generated by org.testng.reporters.JUnitReportReporter -->
<testsuite hostname="LAPTOP-P1Q7QMTK" failures="0" tests="1" name="OOPs.PS" time="0.011" errors="0" timestamp="2024-09-28T13:13:21 IST" skipped="0">
  <testcase classname="OOPs.PS" name="doThis" time="0.011"/>
  <system-out/>
</testsuite> <!-- OOPs.PS -->
