<?xml version="1.0" encoding="UTF-8"?>
<!-- Generated by org.testng.reporters.JUnitReportReporter -->
<testsuite hostname="LAPTOP-P1Q7QMTK" failures="0" tests="1" name="OOPs.PS1" time="0.009" errors="0" timestamp="2024-09-28T14:00:08 IST" skipped="0">
  <testcase classname="OOPs.PS1" name="doThis" time="0.009"/>
  <system-out/>
</testsuite> <!-- OOPs.PS1 -->
